<?xml version="1.0" encoding="UTF-8" ?>
<testsuite errors="0" failures="34" hostname="xape-lp" name="test2" skipped="0" tests="100" time="0.063" timestamp="2016-04-15T10:52:09">
  <properties>
    <property name="ant.project.invoked-targets" value="test2" />
    <property name="java.runtime.name" value="Java(TM) SE Runtime Environment" />
    <property name="sun.boot.library.path" value="C:\Program Files\Java\jdk1.8.0_60\jre\bin" />
    <property name="java.vm.version" value="25.60-b23" />
    <property name="ant.library.dir" value="C:\Users\xape\_Projects\Java\libs\apache-ant-1.9.7-bin\apache-ant-1.9.7\lib" />
    <property name="ant.version" value="Apache Ant(TM) version 1.9.7 compiled on April 9 2016" />
    <property name="ant.java.version" value="1.8" />
    <property name="java.vm.vendor" value="Oracle Corporation" />
    <property name="java.vendor.url" value="http://java.oracle.com/" />
    <property name="path.separator" value=";" />
    <property name="java.vm.name" value="Java HotSpot(TM) 64-Bit Server VM" />
    <property name="file.encoding.pkg" value="sun.io" />
    <property name="user.script" value="" />
    <property name="user.country" value="US" />
    <property name="sun.java.launcher" value="SUN_STANDARD" />
    <property name="sun.os.patch.level" value="" />
    <property name="java.vm.specification.name" value="Java Virtual Machine Specification" />
    <property name="user.dir" value="C:\Users\xape\_Projects\Java\anttest3" />
    <property name="java.runtime.version" value="1.8.0_60-b27" />
    <property name="java.awt.graphicsenv" value="sun.awt.Win32GraphicsEnvironment" />
    <property name="basedir" value="C:\Users\xape\_Projects\Java\anttest3" />
    <property name="java.endorsed.dirs" value="C:\Program Files\Java\jdk1.8.0_60\jre\lib\endorsed" />
    <property name="os.arch" value="amd64" />
    <property name="ant.project.default-target" value="test2" />
    <property name="java.io.tmpdir" value="C:\Users\xape\AppData\Local\Temp\" />
    <property name="ant.core.lib" value="C:\Users\xape\_Projects\Java\libs\apache-ant-1.9.7-bin\apache-ant-1.9.7\lib\ant.jar" />
    <property name="line.separator" value="&#xd;&#xa;" />
    <property name="java.vm.specification.vendor" value="Oracle Corporation" />
    <property name="user.variant" value="" />
    <property name="os.name" value="Windows 8.1" />
    <property name="ant.home" value="C:\Users\xape\_Projects\java\libs\apache-ant-1.9.7-bin\apache-ant-1.9.7" />
    <property name="sun.jnu.encoding" value="Cp1252" />
    <property name="java.library.path" value="C:\Program Files\Java\jdk1.8.0_60\bin;C:\windows\Sun\Java\bin;C:\windows\system32;C:\windows;C:\Python34\;C:\Python34\Scripts;C:\Program Files (x86)\NVIDIA Corporation\PhysX\Common;C:\ProgramData\Oracle\Java\javapath;C:\Program Files (x86)\Intel\iCLS Client\;C:\Program Files\Intel\iCLS Client\;C:\windows\system32;C:\windows;C:\windows\System32\Wbem;C:\windows\System32\WindowsPowerShell\v1.0\;C:\Program Files\Intel\Intel(R) Management Engine Components\DAL;C:\Program Files\Intel\Intel(R) Management Engine Components\IPT;C:\Program Files (x86)\Intel\Intel(R) Management Engine Components\DAL;C:\Program Files (x86)\Intel\Intel(R) Management Engine Components\IPT;C:\Program Files (x86)\Common Files\lenovo\easyplussdk\bin;C:\Program Files\Steel Bank Common Lisp\1.2.6\;C:\Program Files (x86)\Windows Kits\8.1\Windows Performance Toolkit\;C:\Program Files\Microsoft SQL Server\110\Tools\Binn\;C:\Program Files (x86)\Microsoft SDKs\TypeScript\1.0\;C:\Program Files\Microsoft SQL Server\120\Tools\Binn\;C:\Program Files\Microsoft SQL Server\Client SDK\ODBC\110\Tools\Binn\;C:\Program Files (x86)\Microsoft SQL Server\120\Tools\Binn\;C:\Program Files\Microsoft SQL Server\120\DTS\Binn\;C:\Program Files (x86)\Microsoft SQL Server\120\Tools\Binn\ManagementStudio\;C:\Program Files (x86)\Microsoft SQL Server\120\DTS\Binn\;C:\Program Files\Microsoft\Web Platform Installer\;C:\Program Files (x86)\Skype\Phone\;C:\Program Files\ibm\gsk8\lib64;C:\Program Files (x86)\ibm\gsk8\lib;C:\PROGRA~1\ibm\cognos\c10_64\DB2\BIN;C:\PROGRA~1\ibm\cognos\c10_64\DB2\FUNCTION;C:\PROGRA~1\ibm\cognos\c10_64\DB2\SAMPLES\REPL;C:\Program Files\nodejs\;C:\Program Files\WinRAR;C:\Program Files\Apache Software Foundation\apache-maven-3.3.9\bin;C:\Program Files\Apache Software Foundation\apache-tomcat-8.0.23\bin;C:\Users\xape\_Projects\java\libs\apache-ant-1.9.7-bin\apache-ant-1.9.7\bin;C:\Program Files\Git\bin;C:\Program Files (x86)\Intel\iCLS Client\;C:\Program Files\Intel\iCLS Client\;C:\windows\system32;C:\windows;C:\windows\System32\Wbem;C:\windows\System32\WindowsPowerShell\v1.0\;C:\Program Files\Intel\Intel(R) Management Engine Components\DAL;C:\Program Files\Intel\Intel(R) Management Engine Components\IPT;C:\Program Files (x86)\Intel\Intel(R) Management Engine Components\DAL;C:\Program Files (x86)\Intel\Intel(R) Management Engine Components\IPT;C:\Program Files (x86)\Common Files\lenovo\easyplussdk\bin;C:\Program Files\Steel Bank Common Lisp\1.2.6\;C:\Program Files\Java\jdk1.8.0_60\bin;C:\Program Files (x86)\Notepad++;C:\Program Files (x86)\Google\Chrome\Application;C:\Program Files\Sublime Text 2;C:\Program Files\Sublime Text 3;C:\Python27\Scripts;C:\Python27\Lib\site-packages\django\bin;C:\Windows\System32\inetsrv;C:\Users\xape\AppData\Roaming\npm;C:\Windows\Microsoft.NET\Framework64\v4.0.30319;C:\Program Files (x86)\Microsoft VS Code\bin;C:\sqlite;." />
    <property name="java.specification.name" value="Java Platform API Specification" />
    <property name="java.class.version" value="52.0" />
    <property name="sun.management.compiler" value="HotSpot 64-Bit Tiered Compilers" />
    <property name="os.version" value="6.3" />
    <property name="ant.file" value="C:\Users\xape\_Projects\Java\anttest3\build.xml" />
    <property name="user.home" value="C:\Users\xape" />
    <property name="user.timezone" value="" />
    <property name="java.awt.printerjob" value="sun.awt.windows.WPrinterJob" />
    <property name="file.encoding" value="Cp1252" />
    <property name="java.specification.version" value="1.8" />
    <property name="java.class.path" value="C:\Users\xape\_Projects\java\libs\apache-ant-1.9.7-bin\apache-ant-1.9.7\lib\ant-launcher.jar;C:\Users\xape\_Projects\Java\anttest3\.\;C:\Users\xape\Desktop\jython\jython-standalone-2.7.0.jar;C:\Users\xape\My_Projects\pythonstuff\jymod;C:\Users\xape\Desktop\jython\;C:\Users\xape\_Projects\Java\libs\apache-ant-1.9.7-bin\apache-ant-1.9.7\lib\ant-antlr.jar;C:\Users\xape\_Projects\Java\libs\apache-ant-1.9.7-bin\apache-ant-1.9.7\lib\ant-apache-bcel.jar;C:\Users\xape\_Projects\Java\libs\apache-ant-1.9.7-bin\apache-ant-1.9.7\lib\ant-apache-bsf.jar;C:\Users\xape\_Projects\Java\libs\apache-ant-1.9.7-bin\apache-ant-1.9.7\lib\ant-apache-log4j.jar;C:\Users\xape\_Projects\Java\libs\apache-ant-1.9.7-bin\apache-ant-1.9.7\lib\ant-apache-oro.jar;C:\Users\xape\_Projects\Java\libs\apache-ant-1.9.7-bin\apache-ant-1.9.7\lib\ant-apache-regexp.jar;C:\Users\xape\_Projects\Java\libs\apache-ant-1.9.7-bin\apache-ant-1.9.7\lib\ant-apache-resolver.jar;C:\Users\xape\_Projects\Java\libs\apache-ant-1.9.7-bin\apache-ant-1.9.7\lib\ant-apache-xalan2.jar;C:\Users\xape\_Projects\Java\libs\apache-ant-1.9.7-bin\apache-ant-1.9.7\lib\ant-commons-logging.jar;C:\Users\xape\_Projects\Java\libs\apache-ant-1.9.7-bin\apache-ant-1.9.7\lib\ant-commons-net.jar;C:\Users\xape\_Projects\Java\libs\apache-ant-1.9.7-bin\apache-ant-1.9.7\lib\ant-jai.jar;C:\Users\xape\_Projects\Java\libs\apache-ant-1.9.7-bin\apache-ant-1.9.7\lib\ant-javamail.jar;C:\Users\xape\_Projects\Java\libs\apache-ant-1.9.7-bin\apache-ant-1.9.7\lib\ant-jdepend.jar;C:\Users\xape\_Projects\Java\libs\apache-ant-1.9.7-bin\apache-ant-1.9.7\lib\ant-jmf.jar;C:\Users\xape\_Projects\Java\libs\apache-ant-1.9.7-bin\apache-ant-1.9.7\lib\ant-jsch.jar;C:\Users\xape\_Projects\Java\libs\apache-ant-1.9.7-bin\apache-ant-1.9.7\lib\ant-junit.jar;C:\Users\xape\_Projects\Java\libs\apache-ant-1.9.7-bin\apache-ant-1.9.7\lib\ant-junit4.jar;C:\Users\xape\_Projects\Java\libs\apache-ant-1.9.7-bin\apache-ant-1.9.7\lib\ant-launcher.jar;C:\Users\xape\_Projects\Java\libs\apache-ant-1.9.7-bin\apache-ant-1.9.7\lib\ant-netrexx.jar;C:\Users\xape\_Projects\Java\libs\apache-ant-1.9.7-bin\apache-ant-1.9.7\lib\ant-swing.jar;C:\Users\xape\_Projects\Java\libs\apache-ant-1.9.7-bin\apache-ant-1.9.7\lib\ant-testutil.jar;C:\Users\xape\_Projects\Java\libs\apache-ant-1.9.7-bin\apache-ant-1.9.7\lib\ant.jar;C:\Users\xape\_Projects\Java\libs\apache-ant-1.9.7-bin\apache-ant-1.9.7\lib\hamcrest-core-1.3.jar;C:\Users\xape\_Projects\Java\libs\apache-ant-1.9.7-bin\apache-ant-1.9.7\lib\junit.jar;C:\Program Files\Java\jdk1.8.0_60\lib\tools.jar" />
    <property name="user.name" value="xape" />
    <property name="java.vm.specification.version" value="1.8" />
    <property name="sun.arch.data.model" value="64" />
    <property name="sun.java.command" value="org.apache.tools.ant.launch.Launcher -cp .;C:\Users\xape\Desktop\jython\jython-standalone-2.7.0.jar;C:\Users\xape\My_Projects\pythonstuff\jymod;C:\Users\xape\Desktop\jython" />
    <property name="java.home" value="C:\Program Files\Java\jdk1.8.0_60\jre" />
    <property name="java.specification.vendor" value="Oracle Corporation" />
    <property name="user.language" value="en" />
    <property name="awt.toolkit" value="sun.awt.windows.WToolkit" />
    <property name="java.vm.info" value="mixed mode" />
    <property name="java.version" value="1.8.0_60" />
    <property name="java.ext.dirs" value="C:\Program Files\Java\jdk1.8.0_60\jre\lib\ext;C:\windows\Sun\Java\lib\ext" />
    <property name="sun.boot.class.path" value="C:\Program Files\Java\jdk1.8.0_60\jre\lib\resources.jar;C:\Program Files\Java\jdk1.8.0_60\jre\lib\rt.jar;C:\Program Files\Java\jdk1.8.0_60\jre\lib\sunrsasign.jar;C:\Program Files\Java\jdk1.8.0_60\jre\lib\jsse.jar;C:\Program Files\Java\jdk1.8.0_60\jre\lib\jce.jar;C:\Program Files\Java\jdk1.8.0_60\jre\lib\charsets.jar;C:\Program Files\Java\jdk1.8.0_60\jre\lib\jfr.jar;C:\Program Files\Java\jdk1.8.0_60\jre\classes" />
    <property name="sun.stderr.encoding" value="cp437" />
    <property name="java.vendor" value="Oracle Corporation" />
    <property name="file.separator" value="\" />
    <property name="java.vendor.url.bug" value="http://bugreport.sun.com/bugreport/" />
    <property name="sun.cpu.endian" value="little" />
    <property name="sun.io.unicode.encoding" value="UnicodeLittle" />
    <property name="ant.file.type" value="file" />
    <property name="sun.stdout.encoding" value="cp437" />
    <property name="sun.desktop" value="windows" />
    <property name="sun.cpu.isalist" value="amd64" />
  </properties>
  <testcase classname="test2" name="sometimesFail[0]" time="0.0" />
  <testcase classname="test2" name="sometimesFail[1]" time="0.0" />
  <testcase classname="test2" name="sometimesFail[2]" time="0.0">
    <failure type="junit.framework.AssertionFailedError">junit.framework.AssertionFailedError
	at test2.sometimesFail(Unknown Source)
</failure>
  </testcase>
  <testcase classname="test2" name="sometimesFail[3]" time="0.0" />
  <testcase classname="test2" name="sometimesFail[4]" time="0.0" />
  <testcase classname="test2" name="sometimesFail[5]" time="0.0">
    <failure type="junit.framework.AssertionFailedError">junit.framework.AssertionFailedError
	at test2.sometimesFail(Unknown Source)
</failure>
  </testcase>
  <testcase classname="test2" name="sometimesFail[6]" time="0.0" />
  <testcase classname="test2" name="sometimesFail[7]" time="0.0" />
  <testcase classname="test2" name="sometimesFail[8]" time="0.0" />
  <testcase classname="test2" name="sometimesFail[9]" time="0.0" />
  <testcase classname="test2" name="sometimesFail[10]" time="0.0" />
  <testcase classname="test2" name="sometimesFail[11]" time="0.0" />
  <testcase classname="test2" name="sometimesFail[12]" time="0.0">
    <failure type="junit.framework.AssertionFailedError">junit.framework.AssertionFailedError
	at test2.sometimesFail(Unknown Source)
</failure>
  </testcase>
  <testcase classname="test2" name="sometimesFail[13]" time="0.0" />
  <testcase classname="test2" name="sometimesFail[14]" time="0.0" />
  <testcase classname="test2" name="sometimesFail[15]" time="0.0" />
  <testcase classname="test2" name="sometimesFail[16]" time="0.0">
    <failure type="junit.framework.AssertionFailedError">junit.framework.AssertionFailedError
	at test2.sometimesFail(Unknown Source)
</failure>
  </testcase>
  <testcase classname="test2" name="sometimesFail[17]" time="0.0" />
  <testcase classname="test2" name="sometimesFail[18]" time="0.0" />
  <testcase classname="test2" name="sometimesFail[19]" time="0.0" />
  <testcase classname="test2" name="sometimesFail[20]" time="0.0">
    <failure type="junit.framework.AssertionFailedError">junit.framework.AssertionFailedError
	at test2.sometimesFail(Unknown Source)
</failure>
  </testcase>
  <testcase classname="test2" name="sometimesFail[21]" time="0.0">
    <failure type="junit.framework.AssertionFailedError">junit.framework.AssertionFailedError
	at test2.sometimesFail(Unknown Source)
</failure>
  </testcase>
  <testcase classname="test2" name="sometimesFail[22]" time="0.0">
    <failure type="junit.framework.AssertionFailedError">junit.framework.AssertionFailedError
	at test2.sometimesFail(Unknown Source)
</failure>
  </testcase>
  <testcase classname="test2" name="sometimesFail[23]" time="0.0" />
  <testcase classname="test2" name="sometimesFail[24]" time="0.0" />
  <testcase classname="test2" name="sometimesFail[25]" time="0.0" />
  <testcase classname="test2" name="sometimesFail[26]" time="0.0" />
  <testcase classname="test2" name="sometimesFail[27]" time="0.0" />
  <testcase classname="test2" name="sometimesFail[28]" time="0.0" />
  <testcase classname="test2" name="sometimesFail[29]" time="0.0" />
  <testcase classname="test2" name="sometimesFail[30]" time="0.0" />
  <testcase classname="test2" name="sometimesFail[31]" time="0.0" />
  <testcase classname="test2" name="sometimesFail[32]" time="0.0" />
  <testcase classname="test2" name="sometimesFail[33]" time="0.0">
    <failure type="junit.framework.AssertionFailedError">junit.framework.AssertionFailedError
	at test2.sometimesFail(Unknown Source)
</failure>
  </testcase>
  <testcase classname="test2" name="sometimesFail[34]" time="0.0" />
  <testcase classname="test2" name="sometimesFail[35]" time="0.0">
    <failure type="junit.framework.AssertionFailedError">junit.framework.AssertionFailedError
	at test2.sometimesFail(Unknown Source)
</failure>
  </testcase>
  <testcase classname="test2" name="sometimesFail[36]" time="0.0" />
  <testcase classname="test2" name="sometimesFail[37]" time="0.0" />
  <testcase classname="test2" name="sometimesFail[38]" time="0.0" />
  <testcase classname="test2" name="sometimesFail[39]" time="0.0" />
  <testcase classname="test2" name="sometimesFail[40]" time="0.0">
    <failure type="junit.framework.AssertionFailedError">junit.framework.AssertionFailedError
	at test2.sometimesFail(Unknown Source)
</failure>
  </testcase>
  <testcase classname="test2" name="sometimesFail[41]" time="0.0" />
  <testcase classname="test2" name="sometimesFail[42]" time="0.0">
    <failure type="junit.framework.AssertionFailedError">junit.framework.AssertionFailedError
	at test2.sometimesFail(Unknown Source)
</failure>
  </testcase>
  <testcase classname="test2" name="sometimesFail[43]" time="0.0" />
  <testcase classname="test2" name="sometimesFail[44]" time="0.0" />
  <testcase classname="test2" name="sometimesFail[45]" time="0.0" />
  <testcase classname="test2" name="sometimesFail[46]" time="0.0">
    <failure type="junit.framework.AssertionFailedError">junit.framework.AssertionFailedError
	at test2.sometimesFail(Unknown Source)
</failure>
  </testcase>
  <testcase classname="test2" name="sometimesFail[47]" time="0.0" />
  <testcase classname="test2" name="sometimesFail[48]" time="0.0">
    <failure type="junit.framework.AssertionFailedError">junit.framework.AssertionFailedError
	at test2.sometimesFail(Unknown Source)
</failure>
  </testcase>
  <testcase classname="test2" name="sometimesFail[49]" time="0.0" />
  <testcase classname="test2" name="sometimesFail[50]" time="0.0">
    <failure type="junit.framework.AssertionFailedError">junit.framework.AssertionFailedError
	at test2.sometimesFail(Unknown Source)
</failure>
  </testcase>
  <testcase classname="test2" name="sometimesFail[51]" time="0.0" />
  <testcase classname="test2" name="sometimesFail[52]" time="0.0">
    <failure type="junit.framework.AssertionFailedError">junit.framework.AssertionFailedError
	at test2.sometimesFail(Unknown Source)
</failure>
  </testcase>
  <testcase classname="test2" name="sometimesFail[53]" time="0.0" />
  <testcase classname="test2" name="sometimesFail[54]" time="0.0" />
  <testcase classname="test2" name="sometimesFail[55]" time="0.0" />
  <testcase classname="test2" name="sometimesFail[56]" time="0.0" />
  <testcase classname="test2" name="sometimesFail[57]" time="0.0" />
  <testcase classname="test2" name="sometimesFail[58]" time="0.0">
    <failure type="junit.framework.AssertionFailedError">junit.framework.AssertionFailedError
	at test2.sometimesFail(Unknown Source)
</failure>
  </testcase>
  <testcase classname="test2" name="sometimesFail[59]" time="0.0" />
  <testcase classname="test2" name="sometimesFail[60]" time="0.0">
    <failure type="junit.framework.AssertionFailedError">junit.framework.AssertionFailedError
	at test2.sometimesFail(Unknown Source)
</failure>
  </testcase>
  <testcase classname="test2" name="sometimesFail[61]" time="0.0">
    <failure type="junit.framework.AssertionFailedError">junit.framework.AssertionFailedError
	at test2.sometimesFail(Unknown Source)
</failure>
  </testcase>
  <testcase classname="test2" name="sometimesFail[62]" time="0.0" />
  <testcase classname="test2" name="sometimesFail[63]" time="0.0" />
  <testcase classname="test2" name="sometimesFail[64]" time="0.0">
    <failure type="junit.framework.AssertionFailedError">junit.framework.AssertionFailedError
	at test2.sometimesFail(Unknown Source)
</failure>
  </testcase>
  <testcase classname="test2" name="sometimesFail[65]" time="0.0">
    <failure type="junit.framework.AssertionFailedError">junit.framework.AssertionFailedError
	at test2.sometimesFail(Unknown Source)
</failure>
  </testcase>
  <testcase classname="test2" name="sometimesFail[66]" time="0.0" />
  <testcase classname="test2" name="sometimesFail[67]" time="0.0" />
  <testcase classname="test2" name="sometimesFail[68]" time="0.0" />
  <testcase classname="test2" name="sometimesFail[69]" time="0.0" />
  <testcase classname="test2" name="sometimesFail[70]" time="0.0" />
  <testcase classname="test2" name="sometimesFail[71]" time="0.0" />
  <testcase classname="test2" name="sometimesFail[72]" time="0.0">
    <failure type="junit.framework.AssertionFailedError">junit.framework.AssertionFailedError
	at test2.sometimesFail(Unknown Source)
</failure>
  </testcase>
  <testcase classname="test2" name="sometimesFail[73]" time="0.0" />
  <testcase classname="test2" name="sometimesFail[74]" time="0.0" />
  <testcase classname="test2" name="sometimesFail[75]" time="0.0">
    <failure type="junit.framework.AssertionFailedError">junit.framework.AssertionFailedError
	at test2.sometimesFail(Unknown Source)
</failure>
  </testcase>
  <testcase classname="test2" name="sometimesFail[76]" time="0.0" />
  <testcase classname="test2" name="sometimesFail[77]" time="0.0" />
  <testcase classname="test2" name="sometimesFail[78]" time="0.0" />
  <testcase classname="test2" name="sometimesFail[79]" time="0.0">
    <failure type="junit.framework.AssertionFailedError">junit.framework.AssertionFailedError
	at test2.sometimesFail(Unknown Source)
</failure>
  </testcase>
  <testcase classname="test2" name="sometimesFail[80]" time="0.0">
    <failure type="junit.framework.AssertionFailedError">junit.framework.AssertionFailedError
	at test2.sometimesFail(Unknown Source)
</failure>
  </testcase>
  <testcase classname="test2" name="sometimesFail[81]" time="0.0">
    <failure type="junit.framework.AssertionFailedError">junit.framework.AssertionFailedError
	at test2.sometimesFail(Unknown Source)
</failure>
  </testcase>
  <testcase classname="test2" name="sometimesFail[82]" time="0.0" />
  <testcase classname="test2" name="sometimesFail[83]" time="0.0">
    <failure type="junit.framework.AssertionFailedError">junit.framework.AssertionFailedError
	at test2.sometimesFail(Unknown Source)
</failure>
  </testcase>
  <testcase classname="test2" name="sometimesFail[84]" time="0.0" />
  <testcase classname="test2" name="sometimesFail[85]" time="0.0">
    <failure type="junit.framework.AssertionFailedError">junit.framework.AssertionFailedError
	at test2.sometimesFail(Unknown Source)
</failure>
  </testcase>
  <testcase classname="test2" name="sometimesFail[86]" time="0.0">
    <failure type="junit.framework.AssertionFailedError">junit.framework.AssertionFailedError
	at test2.sometimesFail(Unknown Source)
</failure>
  </testcase>
  <testcase classname="test2" name="sometimesFail[87]" time="0.0" />
  <testcase classname="test2" name="sometimesFail[88]" time="0.0" />
  <testcase classname="test2" name="sometimesFail[89]" time="0.0">
    <failure type="junit.framework.AssertionFailedError">junit.framework.AssertionFailedError
	at test2.sometimesFail(Unknown Source)
</failure>
  </testcase>
  <testcase classname="test2" name="sometimesFail[90]" time="0.0">
    <failure type="junit.framework.AssertionFailedError">junit.framework.AssertionFailedError
	at test2.sometimesFail(Unknown Source)
</failure>
  </testcase>
  <testcase classname="test2" name="sometimesFail[91]" time="0.0" />
  <testcase classname="test2" name="sometimesFail[92]" time="0.0" />
  <testcase classname="test2" name="sometimesFail[93]" time="0.0" />
  <testcase classname="test2" name="sometimesFail[94]" time="0.0">
    <failure type="junit.framework.AssertionFailedError">junit.framework.AssertionFailedError
	at test2.sometimesFail(Unknown Source)
</failure>
  </testcase>
  <testcase classname="test2" name="sometimesFail[95]" time="0.0">
    <failure type="junit.framework.AssertionFailedError">junit.framework.AssertionFailedError
	at test2.sometimesFail(Unknown Source)
</failure>
  </testcase>
  <testcase classname="test2" name="sometimesFail[96]" time="0.0">
    <failure type="junit.framework.AssertionFailedError">junit.framework.AssertionFailedError
	at test2.sometimesFail(Unknown Source)
</failure>
  </testcase>
  <testcase classname="test2" name="sometimesFail[97]" time="0.0" />
  <testcase classname="test2" name="sometimesFail[98]" time="0.0" />
  <testcase classname="test2" name="sometimesFail[99]" time="0.0">
    <failure type="junit.framework.AssertionFailedError">junit.framework.AssertionFailedError
	at test2.sometimesFail(Unknown Source)
</failure>
  </testcase>
  <system-out><![CDATA[]]></system-out>
  <system-err><![CDATA[]]></system-err>
</testsuite>
