<?xml version="1.0" encoding="UTF-8" ?>
<testsuite errors="0" failures="34" hostname="xape-lp" name="test2" skipped="0" tests="100" time="0.063" timestamp="2016-04-15T10:52:09">
  <properties>
[...]
</properties>
  <testcase classname="test2" name="sometimesFail[0]" time="0.0" />
  <testcase classname="test2" name="sometimesFail[1]" time="0.0" />
  <testcase classname="test2" name="sometimesFail[2]" time="0.0">
    <failure type="junit.framework.AssertionFailedError">junit.framework.AssertionFailedError
	at test2.sometimesFail(Unknown Source)
</failure>
  </testcase>
  <testcase classname="test2" name="sometimesFail[3]" time="0.0" />
  <testcase classname="test2" name="sometimesFail[4]" time="0.0" />
  <testcase classname="test2" name="sometimesFail[5]" time="0.0">
    <failure type="junit.framework.AssertionFailedError">junit.framework.AssertionFailedError
	at test2.sometimesFail(Unknown Source)
</failure>
  </testcase>
  <testcase classname="test2" name="sometimesFail[6]" time="0.0" />
  <testcase classname="test2" name="sometimesFail[7]" time="0.0" />
  <testcase classname="test2" name="sometimesFail[8]" time="0.0" />
  <testcase classname="test2" name="sometimesFail[9]" time="0.0" />
  <testcase classname="test2" name="sometimesFail[10]" time="0.0" />
  <testcase classname="test2" name="sometimesFail[11]" time="0.0" />
  <testcase classname="test2" name="sometimesFail[12]" time="0.0">
    <failure type="junit.framework.AssertionFailedError">junit.framework.AssertionFailedError
	at test2.sometimesFail(Unknown Source)
</failure>
  </testcase>
  <testcase classname="test2" name="sometimesFail[13]" time="0.0" />
  <testcase classname="test2" name="sometimesFail[14]" time="0.0" />
  <testcase classname="test2" name="sometimesFail[15]" time="0.0" />
  <testcase classname="test2" name="sometimesFail[16]" time="0.0">
    <failure type="junit.framework.AssertionFailedError">junit.framework.AssertionFailedError
	at test2.sometimesFail(Unknown Source)
</failure>
  </testcase>
  <testcase classname="test2" name="sometimesFail[17]" time="0.0" />
  <testcase classname="test2" name="sometimesFail[18]" time="0.0" />
  <testcase classname="test2" name="sometimesFail[19]" time="0.0" />
  <testcase classname="test2" name="sometimesFail[20]" time="0.0">
    <failure type="junit.framework.AssertionFailedError">junit.framework.AssertionFailedError
	at test2.sometimesFail(Unknown Source)
</failure>
  </testcase>
  <testcase classname="test2" name="sometimesFail[21]" time="0.0">
    <failure type="junit.framework.AssertionFailedError">junit.framework.AssertionFailedError
	at test2.sometimesFail(Unknown Source)
</failure>
  </testcase>
  <testcase classname="test2" name="sometimesFail[22]" time="0.0">
    <failure type="junit.framework.AssertionFailedError">junit.framework.AssertionFailedError
	at test2.sometimesFail(Unknown Source)
</failure>
  </testcase>
  <testcase classname="test2" name="sometimesFail[23]" time="0.0" />
  <testcase classname="test2" name="sometimesFail[24]" time="0.0" />
  <testcase classname="test2" name="sometimesFail[25]" time="0.0" />
  <testcase classname="test2" name="sometimesFail[26]" time="0.0" />
  <testcase classname="test2" name="sometimesFail[27]" time="0.0" />
  <testcase classname="test2" name="sometimesFail[28]" time="0.0" />
  <testcase classname="test2" name="sometimesFail[29]" time="0.0" />
  <testcase classname="test2" name="sometimesFail[30]" time="0.0" />
  <testcase classname="test2" name="sometimesFail[31]" time="0.0" />
  <testcase classname="test2" name="sometimesFail[32]" time="0.0" />
  <testcase classname="test2" name="sometimesFail[33]" time="0.0">
    <failure type="junit.framework.AssertionFailedError">junit.framework.AssertionFailedError
	at test2.sometimesFail(Unknown Source)
</failure>
  </testcase>
  <testcase classname="test2" name="sometimesFail[34]" time="0.0" />
  <testcase classname="test2" name="sometimesFail[35]" time="0.0">
    <failure type="junit.framework.AssertionFailedError">junit.framework.AssertionFailedError
	at test2.sometimesFail(Unknown Source)
</failure>
  </testcase>
  <testcase classname="test2" name="sometimesFail[36]" time="0.0" />
  <testcase classname="test2" name="sometimesFail[37]" time="0.0" />
  <testcase classname="test2" name="sometimesFail[38]" time="0.0" />
  <testcase classname="test2" name="sometimesFail[39]" time="0.0" />
  <testcase classname="test2" name="sometimesFail[40]" time="0.0">
    <failure type="junit.framework.AssertionFailedError">junit.framework.AssertionFailedError
	at test2.sometimesFail(Unknown Source)
</failure>
  </testcase>
  <testcase classname="test2" name="sometimesFail[41]" time="0.0" />
  <testcase classname="test2" name="sometimesFail[42]" time="0.0">
    <failure type="junit.framework.AssertionFailedError">junit.framework.AssertionFailedError
	at test2.sometimesFail(Unknown Source)
</failure>
  </testcase>
  <testcase classname="test2" name="sometimesFail[43]" time="0.0" />
  <testcase classname="test2" name="sometimesFail[44]" time="0.0" />
  <testcase classname="test2" name="sometimesFail[45]" time="0.0" />
  <testcase classname="test2" name="sometimesFail[46]" time="0.0">
    <failure type="junit.framework.AssertionFailedError">junit.framework.AssertionFailedError
	at test2.sometimesFail(Unknown Source)
</failure>
  </testcase>
  <testcase classname="test2" name="sometimesFail[47]" time="0.0" />
  <testcase classname="test2" name="sometimesFail[48]" time="0.0">
    <failure type="junit.framework.AssertionFailedError">junit.framework.AssertionFailedError
	at test2.sometimesFail(Unknown Source)
</failure>
  </testcase>
  <testcase classname="test2" name="sometimesFail[49]" time="0.0" />
  <testcase classname="test2" name="sometimesFail[50]" time="0.0">
    <failure type="junit.framework.AssertionFailedError">junit.framework.AssertionFailedError
	at test2.sometimesFail(Unknown Source)
</failure>
  </testcase>
  <testcase classname="test2" name="sometimesFail[51]" time="0.0" />
  <testcase classname="test2" name="sometimesFail[52]" time="0.0">
    <failure type="junit.framework.AssertionFailedError">junit.framework.AssertionFailedError
	at test2.sometimesFail(Unknown Source)
</failure>
  </testcase>
  <testcase classname="test2" name="sometimesFail[53]" time="0.0" />
  <testcase classname="test2" name="sometimesFail[54]" time="0.0" />
  <testcase classname="test2" name="sometimesFail[55]" time="0.0" />
  <testcase classname="test2" name="sometimesFail[56]" time="0.0" />
  <testcase classname="test2" name="sometimesFail[57]" time="0.0" />
  <testcase classname="test2" name="sometimesFail[58]" time="0.0">
    <failure type="junit.framework.AssertionFailedError">junit.framework.AssertionFailedError
	at test2.sometimesFail(Unknown Source)
</failure>
  </testcase>
  <testcase classname="test2" name="sometimesFail[59]" time="0.0" />
  <testcase classname="test2" name="sometimesFail[60]" time="0.0">
    <failure type="junit.framework.AssertionFailedError">junit.framework.AssertionFailedError
	at test2.sometimesFail(Unknown Source)
</failure>
  </testcase>
  <testcase classname="test2" name="sometimesFail[61]" time="0.0">
    <failure type="junit.framework.AssertionFailedError">junit.framework.AssertionFailedError
	at test2.sometimesFail(Unknown Source)
</failure>
  </testcase>
  <testcase classname="test2" name="sometimesFail[62]" time="0.0" />
  <testcase classname="test2" name="sometimesFail[63]" time="0.0" />
  <testcase classname="test2" name="sometimesFail[64]" time="0.0">
    <failure type="junit.framework.AssertionFailedError">junit.framework.AssertionFailedError
	at test2.sometimesFail(Unknown Source)
</failure>
  </testcase>
  <testcase classname="test2" name="sometimesFail[65]" time="0.0">
    <failure type="junit.framework.AssertionFailedError">junit.framework.AssertionFailedError
	at test2.sometimesFail(Unknown Source)
</failure>
  </testcase>
  <testcase classname="test2" name="sometimesFail[66]" time="0.0" />
  <testcase classname="test2" name="sometimesFail[67]" time="0.0" />
  <testcase classname="test2" name="sometimesFail[68]" time="0.0" />
  <testcase classname="test2" name="sometimesFail[69]" time="0.0" />
  <testcase classname="test2" name="sometimesFail[70]" time="0.0" />
  <testcase classname="test2" name="sometimesFail[71]" time="0.0" />
  <testcase classname="test2" name="sometimesFail[72]" time="0.0">
    <failure type="junit.framework.AssertionFailedError">junit.framework.AssertionFailedError
	at test2.sometimesFail(Unknown Source)
</failure>
  </testcase>
  <testcase classname="test2" name="sometimesFail[73]" time="0.0" />
  <testcase classname="test2" name="sometimesFail[74]" time="0.0" />
  <testcase classname="test2" name="sometimesFail[75]" time="0.0">
    <failure type="junit.framework.AssertionFailedError">junit.framework.AssertionFailedError
	at test2.sometimesFail(Unknown Source)
</failure>
  </testcase>
  <testcase classname="test2" name="sometimesFail[76]" time="0.0" />
  <testcase classname="test2" name="sometimesFail[77]" time="0.0" />
  <testcase classname="test2" name="sometimesFail[78]" time="0.0" />
  <testcase classname="test2" name="sometimesFail[79]" time="0.0">
    <failure type="junit.framework.AssertionFailedError">junit.framework.AssertionFailedError
	at test2.sometimesFail(Unknown Source)
</failure>
  </testcase>
  <testcase classname="test2" name="sometimesFail[80]" time="0.0">
    <failure type="junit.framework.AssertionFailedError">junit.framework.AssertionFailedError
	at test2.sometimesFail(Unknown Source)
</failure>
  </testcase>
  <testcase classname="test2" name="sometimesFail[81]" time="0.0">
    <failure type="junit.framework.AssertionFailedError">junit.framework.AssertionFailedError
	at test2.sometimesFail(Unknown Source)
</failure>
  </testcase>
  <testcase classname="test2" name="sometimesFail[82]" time="0.0" />
  <testcase classname="test2" name="sometimesFail[83]" time="0.0">
    <failure type="junit.framework.AssertionFailedError">junit.framework.AssertionFailedError
	at test2.sometimesFail(Unknown Source)
</failure>
  </testcase>
  <testcase classname="test2" name="sometimesFail[84]" time="0.0" />
  <testcase classname="test2" name="sometimesFail[85]" time="0.0">
    <failure type="junit.framework.AssertionFailedError">junit.framework.AssertionFailedError
	at test2.sometimesFail(Unknown Source)
</failure>
  </testcase>
  <testcase classname="test2" name="sometimesFail[86]" time="0.0">
    <failure type="junit.framework.AssertionFailedError">junit.framework.AssertionFailedError
	at test2.sometimesFail(Unknown Source)
</failure>
  </testcase>
  <testcase classname="test2" name="sometimesFail[87]" time="0.0" />
  <testcase classname="test2" name="sometimesFail[88]" time="0.0" />
  <testcase classname="test2" name="sometimesFail[89]" time="0.0">
    <failure type="junit.framework.AssertionFailedError">junit.framework.AssertionFailedError
	at test2.sometimesFail(Unknown Source)
</failure>
  </testcase>
  <testcase classname="test2" name="sometimesFail[90]" time="0.0">
    <failure type="junit.framework.AssertionFailedError">junit.framework.AssertionFailedError
	at test2.sometimesFail(Unknown Source)
</failure>
  </testcase>
  <testcase classname="test2" name="sometimesFail[91]" time="0.0" />
  <testcase classname="test2" name="sometimesFail[92]" time="0.0" />
  <testcase classname="test2" name="sometimesFail[93]" time="0.0" />
  <testcase classname="test2" name="sometimesFail[94]" time="0.0">
    <failure type="junit.framework.AssertionFailedError">junit.framework.AssertionFailedError
	at test2.sometimesFail(Unknown Source)
</failure>
  </testcase>
  <testcase classname="test2" name="sometimesFail[95]" time="0.0">
    <failure type="junit.framework.AssertionFailedError">junit.framework.AssertionFailedError
	at test2.sometimesFail(Unknown Source)
</failure>
  </testcase>
  <testcase classname="test2" name="sometimesFail[96]" time="0.0">
    <failure type="junit.framework.AssertionFailedError">junit.framework.AssertionFailedError
	at test2.sometimesFail(Unknown Source)
</failure>
  </testcase>
  <testcase classname="test2" name="sometimesFail[97]" time="0.0" />
  <testcase classname="test2" name="sometimesFail[98]" time="0.0" />
  <testcase classname="test2" name="sometimesFail[99]" time="0.0">
    <failure type="junit.framework.AssertionFailedError">junit.framework.AssertionFailedError
	at test2.sometimesFail(Unknown Source)
</failure>
  </testcase>
  <system-out><![CDATA[]]></system-out>
  <system-err><![CDATA[]]></system-err>
</testsuite>
