<?xml version="1.0" encoding="UTF-8" ?>
<testsuite errors="0" failures="1" hostname="xape-lp" name="test" skipped="0" tests="2" time="0.035" timestamp="2016-04-13T12:59:43">
  <properties>
[...]
</properties>
  <testcase classname="test" name="testit2" time="0.006">
    <failure message="expected:&lt;[no]&gt; but was:&lt;[yes]&gt;" type="junit.framework.AssertionFailedError">junit.framework.AssertionFailedError: expected:&lt;[no]&gt; but was:&lt;[yes]&gt;
	at test.testit2(Unknown Source)
</failure>
  </testcase>
  <testcase classname="test" name="testit" time="0.0" />
  <system-out><![CDATA[]]></system-out>
  <system-err><![CDATA[]]></system-err>
</testsuite>
